[    0.000000] Initializing cgroup subsys cpuset
[    0.000000] Initializing cgroup subsys cpu
[    0.000000] Initializing cgroup subsys cpuacct
[    0.000000] Linux version 4.4.0-134-generic (buildd@lgw01-amd64-033) (gcc version 5.4.0 20160609 (Ubuntu 5.4.0-6ubuntu1~16.04.10) ) #160-Ubuntu SMP Wed Aug 15 14:58:00 UTC 2018 (Ubuntu 4.4.0-134.160-generic 4.4.140)
[    0.000000] Command line: BOOT_IMAGE=/boot/vmlinuz-4.4.0-134-generic root=LABEL=cloudimg-rootfs ro console=ty1 nse=tt0[    0.000000] KERNEL supported cpus:
[    0.000000]   Intel GenuineIntel
[    0.000000]   AMD AuthenticAMD
[    0.000000]   Centaur CentaurHauls
[    0.000000] x86/fpu: xstate_offset[2]:  576, xstate_sizes[2]:  256
[    0.000000] x86/fpu: Supporting XSAVE feature 0x01: 'x87 floating point registers'
[    0.000000] x86/fpu: Supporting XSAVE feature 0x02: 'SSE registers'
[    0.0000 x6/fpu: Supporting XSAVE feature 0x04: 'AVX registers'
[    0.000000] x86/fpu: Enabled xstate features 0x7, context size is 832 bytes, using 'standard' format.
[    0.000000] e820: BIOS-provided physical RAM map:
[    0.000000] BIOS-e820: [mem 0x0000000000000000-0x000000000009fbff] usable
[    0.000000] BIOS-e820: [mem 0x000000000009fc00-0x000000000009ffff] reserved
[    0.000000] BIOS-e820: [mem 0x00000000000f0000-0x00000000000fffff] reserved
[    0.000000] BIOS-e820: [mem 0x0000000000100000-0x000000003ffeffff] usable
[    0.000000] BIOS-e820: [mem 0x000000003fff0000-0x000000003fffffff] ACPI data
[    0.000000] BIOS-e820: [mem 0x00000000fec00000-0x00000000fec00fff] reserved
[    0.000000] BIOS-e820: [mem 0x00000000fee0000-0x00000000fee00fff] reserved
[    0.000000] BIOS-e820: [mem 0x00000000fffc0000-0x00000000ffffffff] reserved
[    0.000000] NX (Execute Disable) protection: active
[    0.000000] SMBIOS 2.5 present.
[    0.000000] Hypervisor detected: KVM
[    0.000000] e820: last_pfn = 0x3fff0 max_arch_pfn = 0x400000000
[    0.000000] MTRR: Disabled
[    0.000000] x86/PAT: MTRRs disabled, skipping PAT initialization too.
[    0.000000] CPU MTRRs all blank - virtualized system.
[    0.000000] x86/PAT: Configuration [0-7]: WB  WT  UC- UC  WB  WT  UC- UC  
[    0.000000] found SMP MP-table at [mem 0x0009fff0-0x0009ffff] mapped at [ffff88000009fff0]
[    0.000000] Scanning 1 areas for low memory corruption
[    0.000000] RAMDISK: [mem 0x3630c000-0x3717dfff]
[    0.000000] ACPI: Early table checksum verification disabled
[    0.000000] ACPI: RSDP 0x00000000000E0000 000024 (v02 VBOX  )
[    0.000000] ACPI: XSDT 0x000000003FFF0030 00003C (v01 VBOX   VBOXXSDT 00000001 ASL  00000061)
[    0.000000] ACPI: FACP 0x000000003FFF00F0 0000F4 (v04 VBOX   VBOXFACP 00000001 ASL  00000061)
[    0.000000] ACPI: DSDT 0x000000003FFF0470 0021FF (v02 VBOX   VBOXBIOS 00000002 INTL 20180105)
[    0.000000] ACPI: FACS 0x000000003FFF0200 000040
[    0.000000] ACPI: FACS 0x000000003FFF0200 000040
[    0.000000] ACPI: APIC 0x000000003FFF0240 00005C (v02 VBOX   VBOXAPIC 00000001 ASL  00000061)
[    0.000000] ACPI: SSDT 0x000000003FFF02A0 0001CC (v01 VBOX   VBOXCPUT 00000002 INTL 20180105)
[    0.000000] No NUMA configuration found
[    0.000000] Faking a node at [mem 0x0000000000000000-0x000000003ffeffff]
[    0.000000] NODE_DATA(0) allocated [mem 0x3ffeb000-0x3ffeffff]
[    0.000000] kvm-clock: Using msrs 4b564d01 and 4b564d00
[    0.000000] kvm-clock: cpu 0, msr 0:3ffe3001, primary cpu clock
[    0.000000] kvm-clock: using sched offset of 3069783574 cycles
[    0.000000] clocksource: kvm-clock: mask: 0xffffffffffffffff max_cycles: 0x1cd42e4dffb, max_idle_ns: 881590591483 ns
[    0.000000] Zone ranges:
[    0.000000]   DMA      [mem 0x0000000000001000-0x0000000000ffffff]
[    0.000000]   DMA32    [mem 0x0000000001000000-0x000000003ffeffff]
[    0.000000]   Normal   empty
[    0.000000]   Device   empty
[    0.000000] Movable zone start for each node
[    0.000000] Early memory node ranges
[    0.000000]   node   0: [mem 0x0000000000001000-0x000000000009efff]
[    0.000000]   node   0: [mem 0x0000000000100000-0x000000003ffeffff]
[    0.000000] Initmem setup node 0 [mem 0x0000000000001000-0x000000003ffeffff]
[    0.000000] ACPI: PM-Timer IO Port: 0x4008
[    0.000000] IOAPIC[0]: apic_id 2, version 32, address 0xfec00000, GSI 0-23
[    0.000000] ACPI: INT_SRC_OVR (bus 0 bus_irq 0 global_irq 2 dfl dfl)
[    0.000000] ACPI: INT_SRC_OVR (bus 0 bus_irq 9 global_irq 9 low level)
[    0.000000] Using ACPI (MADT) for SMP configuration information
[    0.000000] smpboot: Allowing 2 CPUs, 0 hotplug CPUs
[    0.000000] PM: Registered nosave memory: [mem 0x00000000-0x00000fff]
[    0.000000] PM: Registered nosave memory: [mem 0x0009f000-0x0009ffff]
[    0.000000] PM: Registered nosave memory: [mem 0x000a0000-0x000effff]
[    0.000000] PM: Registered nosave memory: [mem 0x000f0000-0x000fffff]
[    0.000000] e820: [mem 0x40000000-0xfebfffff] available for PCI devices
[    0.000000] Booting paravirtualized kernel on KVM
[    0.000000] clocksource: refined-jiffies: mask: 0xffffffff max_cycles: 0xffffffff, max_idle_ns: 7645519600211568 ns
[    0.000000] setup_percpu: NR_CPUS:512 nr_cpumask_bits:512 nr_cpu_ids:2 nr_node_ids:1
[    0.000000] PERCPU: Embedded 34 pages/cpu @ffff88003fc00000 s99544 r8192 d31528 u1048576
[    0.000000] PV qspinlock hash table entries: 256 (order: 0, 4096 bytes)
[    0.000000] Built 1 zonelists in Node order, mobility grouping on.  Total pages: 257912
[    0.000000] Policy zone: DMA32
[    0.000000] Kernel command line: BOOT_IMAGE=/boot/vmlinuz-4.4.0-134-generic root=LABEL=cloudimg-rootfs ro console=tty1 console=ttyS0
[    0.000000] PID hash table entries: 4096 (order: 3, 32768 bytes)
[    0.000000] Memory: 997724K/1048120K available (8554K kernel code, 1314K rwdata, 4004K rodata, 1516K init, 1316K bss, 50396K reserved, 0K cma-reserved)
[    0.000000] SLUB: HWalign=64, Order=0-3, MinObjects=0, CPUs=2, Nodes=1
[    0.000000] Kernel/User page tables isolation: enabled
[    0.000000] Hierarchical RCU implementation.
[    0.000000] 	Build-time adjustment of leaf fanout to 64.
[    0.000000] 	RCU restricting CPUs from NR_CPUS=512 to nr_cpu_ids=2.
[    0.000000] RCU: Adjusting geometry for rcu_fanout_leaf=64, nr_cpu_ids=2
[    0.000000] NR_IRQS:33024 nr_irqs:440 16
[    0.000000] Console: colour VGA+ 80x25
[    0.000000] console [tty1] enabled
[    0.000000] console [ttyS0] enabled
[    0.000000] tsc: Detected 2210.640 MHz processor
[    0.335474] Calibrating delay loop (skipped) preset value.. 4421.28 BogoMIPS (lpj=8842560)
[    0.336837] pid_max: default: 32768 minimum: 301
[    0.337573] ACPI: Core revision 20150930
[    0.339016] ACPI: 2 ACPI AML tables successfully acquired and loaded
[    0.340093] Security Framework initialized
[    0.340767] Yama: becoming mindful.
[    0.341380] AppArmor: AppArmor initialized
[    0.342114] Dentry cache hash table entries: 131072 (order: 8, 1048576 bytes)
[    0.343650] Inode-cache hash table entries: 65536 (order: 7, 524288 bytes)
[    0.344745] Mount-cache hash table entries: 2048 (order: 2, 16384 bytes)
[    0.345720] Mountpoint-cache hash table entries: 2048 (order: 2, 16384 bytes)
[    0.346861] Initializing cgroup subsys io
[    0.347557] Initializing cgroup subsys memory
[    0.351282] Initializing cgroup subsys devices
[    0.352005] Initializing cgroup subsys freezer
[    0.352720] Initializing cgroup subsys net_cls
[    0.353435] Initializing cgroup subsys perf_event
[    0.354181] Initializing cgroup subsys net_prio
[    0.354916] Initializing cgroup subsys hugetlb
[    0.355639] Initializing cgroup subsys pids
[    0.357945] mce: CPU supports 0 MCE banks
[    0.358630] Last level iTLB entries: 4KB 64, 2MB 8, 4MB 8
[    0.359474] Last level dTLB entries: 4KB 64, 2MB 0, 4MB 0, 1GB 4
[    0.360371] Spectre V2 : Mitigation: Full generic retpoline
[    0.361215] Spectre V2 : Speculation control IBPB not-supported IBRS not-supported
[    0.362270] Spectre V2 : Filling RSB on context switch
[    0.363302] Speculative Store Bypass: Vulnerable
[    0.366061] Freeing SMP alternatives memory: 32K
[    0.373402] ftrace: allocating 32266 entries in 127 pages
[    0.421461] smpboot: APIC(0) Converting physical 0 to logical package 0
[    0.423608] smpboot: Max logical packages: 1
[    0.424539] x2apic enabled
[    0.425254] Switched APIC routing to physical x2apic.
[    0.426995] ..TIMER: vector=0x30 apic1=0 pin1=2 apic2=-1 pin2=-1
[    0.534837] smpboot: CPU0: Intel(R) Core(TM) i5-7260U CPU @ 2.20GHz (family: 0x6, model: 0x8e, stepping: 0x9)
[    0.536553] Performance Events: unsupported p6 CPU model 142 no PMU driver, software events only.
[    0.538077] KVM setup paravirtual spinlock
[    0.539380] x86: Booting SMP configuration:
[    0.540093] .... node  #0, CPUs:      #1
[    0.540833] kvm-clock: cpu 1, msr 0:3ffe3041, secondary cpu clock
[    0.556083] mce: CPU supports 0 MCE banks
[    0.558545] x86: Booted up 1 node, 2 CPUs
[    0.559317] smpboot: Total of 2 processors activated (8842.56 BogoMIPS)
[    0.560462] devtmpfs: initialized
[    0.562104] evm: security.selinux
[    0.562652] evm: security.SMACK64
[    0.563188] evm: security.SMACK64EXEC
[    0.564313] evm: security.SMACK64TRANSMUTE
[    0.599127] evm: security.SMACK64MMAP
[    0.599697] evm: security.ima
[    0.600191] evm: security.capability
[    0.600903] clocksource: jiffies: mask: 0xffffffff max_cycles: 0xffffffff, max_idle_ns: 7645041785100000 ns
[    0.602223] futex hash table entries: 512 (order: 3, 32768 bytes)
[    0.603127] pinctrl core: initialized pinctrl subsystem
[    0.603932] RTC time:  7:05:44, date: 04/26/19
[    0.604702] NET: Registered protocol family 16
[    0.614725] cpuidle: using governor ladder
[    0.626861] cpuidle: using governor menu
[    0.635530] PCCT header not found.
[    0.636204] ACPI: bus type PCI registered
[    0.636886] acpiphp: ACPI Hot Plug PCI Controller Driver version: 0.5
[    0.637935] PCI: Using configuration type 1 for base access
[    0.650692] ACPI: Added _OSI(Module Device)
[    0.651409] ACPI: Added _OSI(Processor Device)
[    0.652139] ACPI: Added _OSI(3.0 _SCP Extensions)
[    0.652898] ACPI: Added _OSI(Processor Aggregator Device)
[    0.654303] ACPI: Executed 1 blocks of module-level executable AML code
[    0.657033] ACPI: Interpreter enabled
[    0.657684] ACPI: (supports S0 S5)
[    0.658299] ACPI: Using IOAPIC for interrupt routing
[    0.659221] PCI: Using host bridge windows from ACPI; if necessary, use "pci=nocrs" and report a bug
[    0.663407] ACPI: PCI Root Bridge [PCI0] (domain 0000 [bus 00-ff])
[    0.664355] acpi PNP0A03:00: _OSC: OS supports [ASPM ClockPM Segments MSI]
[    0.665382] acpi PNP0A03:00: _OSC: not requesting OS control; OS requires [ExtendedConfig ASPM ClockPM MSI]
[    0.666910] acpi PNP0A03:00: fail to add MMCONFIG information, can't access extended PCI configuration space under this bridge.
[    0.668824] PCI host bridge to bus 0000:00
[    0.669517] pci_bus 0000:00: root bus resource [io  0x0000-0x0cf7 window]
[    0.670542] pci_bus 0000:00: root bus resource [io  0x0d00-0xffff window]
[    0.671560] pci_bus 0000:00: root bus resource [mem 0x000a0000-0x000bffff window]
[    0.672807] pci_bus 0000:00: root bus resource [mem 0x40000000-0xfdffffff window]
[    0.674053] pci_bus 0000:00: root bus resource [bus 00-ff]
[    0.676043] pci 0000:00:01.1: legacy IDE quirk: reg 0x10: [io  0x01f0-0x01f7]
[    0.677100] pci 0000:00:01.1: legacy IDE quirk: reg 0x14: [io  0x03f6]
[    0.678077] pci 0000:00:01.1: legacy IDE quirk: reg 0x18: [io  0x0170-0x0177]
[    0.679149] pci 0000:00:01.1: legacy IDE quirk: reg 0x1c: [io  0x0376]
[    0.691678] pci 0000:00:07.0: quirk: [io  0x4000-0x403f] claimed by PIIX4 ACPI
[    0.700818] pci 0000:00:07.0: quirk: [io  0x4100-0x410f] claimed by PIIX4 SMB
[    0.708618] ACPI: PCI Interrupt Link [LNKA] (IRQs 5 9 10 *11)
[    0.710011] ACPI: PCI Interrupt Link [LNKB] (IRQs 5 9 *10 11)
[    0.711317] ACPI: PCI Interrupt Link [LNKC] (IRQs 5 *9 10 11)
[    0.712539] ACPI: PCI Interrupt Link [LNKD] (IRQs 5 9 10 *11)
[    0.713789] ACPI: Enabled 2 GPEs in block 00 to 07
[    0.714890] vgaarb: setting as boot device: PCI:0000:00:02.0
[    0.719193] vgaarb: device added: PCI:0000:00:02.0,decodes=io+mem,owns=io+mem,locks=none
[    0.720359] vgaarb: loaded
[    0.720825] vgaarb: bridge control possible 0000:00:02.0
[    0.721733] SCSI subsystem initialized
[    0.722396] ACPI: bus type USB registered
[    0.723032] usbcore: registered new interface driver usbfs
[    0.723778] usbcore: registered new interface driver hub
[    0.724507] usbcore: registered new device driver usb
[    0.725733] PCI: Using ACPI for IRQ routing
[    0.726589] NetLabel: Initializing
[    0.727135] NetLabel:  domain hash size = 128
[    0.727761] NetLabel:  protocols = UNLABELED CIPSOv4
[    0.728457] NetLabel:  unlabeled traffic allowed by default
[    0.729296] amd_nb: Cannot enumerate AMD northbridges
[    0.730032] clocksource: Switched to clocksource kvm-clock
[    0.735898] AppArmor: AppArmor Filesystem Enabled
[    0.738545] pnp: PnP ACPI init
[    0.739610] pnp: PnP ACPI: found 3 devices
[    0.747874] clocksource: acpi_pm: mask: 0xffffff max_cycles: 0xffffff, max_idle_ns: 2085701024 ns
[    0.749143] NET: Registered protocol family 2
[    0.749880] TCP established hash table entries: 8192 (order: 4, 65536 bytes)
[    0.750797] TCP bind hash table entries: 8192 (order: 5, 131072 bytes)
[    0.751651] TCP: Hash tables configured (established 8192 bind 8192)
[    0.752483] UDP hash table entries: 512 (order: 2, 16384 bytes)
[    0.753262] UDP-Lite hash table entries: 512 (order: 2, 16384 bytes)
[    0.754115] NET: Registered protocol family 1
[    0.754764] pci 0000:00:00.0: Limiting direct PCI/PCI transfers
[    0.755559] pci 0000:00:01.0: Activating ISA DMA hang rkarounds
[    0.798912] Unpacking initramfs...

[    0.972255] Freeing initrd memory: 14792K
[    0.974991] platform rtc_cmos: registered platform RTC device (no PNP device found)
[    0.976312] Scanning for low memory corruption every 60 seconds
[    0.977562] audit: initializing netlink subsys (disabled)
[    0.978431] audit: type=2000 audit(1556262348.832:1): initialized
[    0.979576] Initialise system trusted keyring
[    0.980481] HugeTLB registered 2 MB page size, pre-allocated 0 pages
[    0.982475] zbud: loaded
[    0.983306] VFS: Disk quotas dquot_6.6.0
[    0.983915] VFS: Dquot-cache hash table entries: 512 (order 0, 4096 bytes)
[    0.984960] squashfs: version 4.0 (2009/01/31) Phillip Lougher
[    0.985916] fuse init (API version 7.23)
[    0.986647] Key type big_key registered
[    0.987249] Allocating IMA MOK and blacklist keyrings.
[    0.988803] Key type asymmetric registered
[    0.989414] Asymmetric key parser 'x509' registered
[    0.990113] Block layer SCSI generic (bsg) driver version 0.4 loaded (major 249)
[    0.991253] io scheduler noop registered
[    0.991837] io scheduler deadline registered (default)
[    0.992557] io scheduler cfq registered
[    0.993202] pci_hotplug: PCI Hot Plug PCI Core version: 0.5
[    0.993946] pciehp: PCI Express Hot Plug Controller Driver version: 0.4
[    0.994902] ACPI: AC Adapter [AC] (on-line)
[    0.995552] input: Power Button as /devices/LNXSYSTM:00/LNXPWRBN:00/input/input0
[    0.996659] ACPI: Power Button [PWRF]
[    0.997264] input: Sleep Button as /devices/LNXSYSTM:00/LNXSLPBN:00/input/input1
[    1.034093] ACPI: Sleep Button [SLPF]
[    1.034813] GHES: HEST is not enabled!
[    1.035466] Serial: 8250/16550 driver, 32 ports, IRQ sharing enabled
[    1.057610] 00:02: ttyS0 at I/O 0x3f8 (irq = 4, base_baud = 115200) is a 16550A
[    1.059518] Linux agpgart interface v0.103
[    1.061190] loop: module loaded
[    1.062139] scsi host0: ata_piix
[    1.062762] scsi host1: ata_piix
[    1.063308] ata1: PATA max UDMA/33 cmd 0x1f0 ctl 0x3f6 bmdma 0xd000 irq 14
[    1.064171] ata2: PATA max UDMA/33 cmd 0x170 ctl 0x376 bmdma 0xd008 irq 15
[    1.065106] libphy: Fixed MDIO Bus: probed
[    1.065739] tun: Universal TUN/TAP device driver, 1.6
[    1.066463] tun: (C) 1999-2004 Max Krasnyansky <maxk@qualcomm.com>
[    1.067298] PPP generic driver version 2.4.2
[    1.067955] ehci_hcd: USB 2.0 'Enhanced' Host Controller (EHCI) Driver
[    1.068802] ehci-pci: EHCI PCI platform driver
[    1.069443] ehci-platform: EHCI generic platform driver
[    1.070154] ohci_hcd: USB 1.1 'Open' Host Controller (OHCI) Driver
[    1.070993] ohci-pci: OHCI PCI platform driver
[    1.071644] ohci-platform: OHCI generic platform driver
[    1.072357] uhci_hcd: USB Universal Host Controller Interface driver
[    1.073214] i8042: PNP: PS/2 Controller [PNP0303:PS2K,PNP0f03:PS2M] at 0x60,0x64 irq 1,12
[    1.074781] serio: i8042 KBD port at 0x60,0x64 irq 1
[    1.075473] serio: i8042 AUX port at 0x60,0x64 irq 12
[    1.076252] mousedev: PS/2 mouse device common for all mice
[    1.077370] input: AT Translated Set 2 keyboard as /devices/platform/i8042/serio0/input/input2
[    1.078620] rtc_cmos rtc_cmos: rtc core: registered rtc_cmos as rtc0
[    1.079580] rtc_cmos rtc_cmos: alarms up to one day, 114 bytes nvram
[    1.080404] i2c /dev entries driver
[    1.080985] device-mapper: uevent: version 1.0.3
[    1.081681] device-mapper: ioctl: 4.34.0-ioctl (2015-10-28) initialised: dm-devel@redhat.com
[    1.082906] ledtrig-cpu: registered to indicate activity on CPUs
[    1.083992] NET: Registered protocol family 10
[    1.084771] NET: Registered protocol family 17
[    1.085415] Key type dns_resolver registered
[    1.086214] registered taskstats version 1
[    1.086850] Loading compiled-in X.509 certificates
[    1.087987] Loaded X.509 cert 'Build time autogenerated kernel key: 4eb3d024ac16f76c1747ffd474694c84db21038b'
[    1.089322] zswap: loaded using pool lzo/zbud
[    1.091275] Key type trusted registered
[    1.094270] Key type encrypted registered
[    1.094887] AppArmor: AppArmor sha1 policy hashing enabled
[    1.095616] ima: No TPM chip found, activating TPM-bypass!
[    1.096371] ima: Allocated hash algorithm: sha1
[    1.097021] evm: HMAC attrs: 0x1
[    1.097773]   Magic number: 15:195:67
[    1.098459] rtc_cmos rtc_cmos: setting system clock to 2019-04-26 07:05:45 UTC (1556262345)
[    1.300750] BIOS EDD facility v0.16 2004-Jun-25, 0 devices found
[    1.303284] EDD information not available.
[    1.304890] Freeing unused kernel memory: 1516K
[    1.314078] Write protecting the kernel read-only data: 14336k
[    1.333889] Freeing unused kernel memory: 1672K
[    1.334698] Freeing unused kernel memory: 92K
Loading, please wait...
starting version 229
[    1.345451] random: systemd-udevd: uninitialized urandom read (16 bytes read, 3 bits of entropy available)
[    1.346187] random: udevadm: uninitialized urandom read (16 bytes read, 3 bits of entropy available)
[    1.346205] random: udevadm: uninitialized urandom read (16 bytes read, 3 bits of entropy available)
[    1.352158] random: udevadm: uninitialized urandom read (16 bytes read, 3 bits of entropy available)
[    1.352193] random: udevadm: uninitialized urandom read (16 bytes read, 3 bits of entropy available)
[    1.352297] random: udevadm: uninitialized urandom read (16 bytes read, 3 bits of entropy available)
[    1.352336] random: udevadm: uninitialized urandom read (16 bytes read, 3 bits of entropy available)
[    1.352374] random: udevadm: uninitialized urandom read (16 bytes read, 3 bits of entropy available)
[    1.352410] random: udevadm: uninitialized urandom read (16 bytes read, 3 bits of entropy available)
[    1.352444] random: udevadm: uninitialized urandom read (16 bytes read, 3 bits of entropy available)
[    1.387994] e1000: Intel(R) PRO/1000 Network Driver - version 7.3.21-k8-NAPI
[    1.388979] e1000: Copyright (c) 1999-2006 Intel Corporation.
[    1.392186] Fusion MPT base driver 3.04.20
[    1.392826] Copyright (c) 1999-2008 LSI Corporation
[    1.399387] Fusion MPT SPI Host driver 3.04.20
[    1.431044] AVX2 version of gcm_enc/dec engaged.
[    1.435848] AES CTR mode by8 optimization enabled
[    1.607103] input: ImExPS/2 Generic Explorer Mouse as /devices/platform/i8042/serio1/input/input4
[    1.736124] e1000 0000:00:03.0 eth0: (PCI:33MHz:32-bit) 02:93:23:4d:82:b3
[    1.738610] e1000 0000:00:03.0 eth0: Intel(R) PRO/1000 Network Connection
[    1.975123] tsc: Refined TSC clocksource calibration: 2208.008 MHz
[    1.992990] clocksource: tsc: mask: 0xffffffffffffffff max_cycles: 0x1fd3bfc633d, max_idle_ns: 440795247929 ns
[    2.341034] e1000 0000:00:08.0 eth1: (PCI:33MHz:32-bit) 08:00:27:24:d2:f1
[    2.344495] e1000 0000:00:08.0 eth1: Intel(R) PRO/1000 Network Connection
[    2.924241] mptbase: ioc0: Initiating bringup
[    3.012553] e1000 0000:00:08.0 enp0s8: renamed from eth1
[    3.022359] e1000 0000:00:03.0 enp0s3: renamed from eth0
[    3.122342] ioc0: LSI53C1030 A0: Capabilities={Initiator}
[    3.288010] scsi host2: ioc0: LSI53C1030 A0, FwRev=00000000h, Ports=1, MaxQ=256, IRQ=20
[    3.403561] scsi 2:0:0:0: Direct-Access     VBOX     HARDDISK         1.0  PQ: 0 ANSI: 5
[    3.424993] scsi target2:0:0: Beginning Domain Validation
[    3.444096] scsi target2:0:0: Domain Validation skipping write tests
[    3.445657] scsi target2:0:0: Ending Domain Validation
[    3.447031] scsi target2:0:0: asynchronous
[    3.448692] scsi 2:0:1:0: Direct-Access     VBOX     HARDDISK         1.0  PQ: 0 ANSI: 5
[    3.450535] scsi target2:0:1: Beginning Domain Validation
[    3.452896] scsi target2:0:1: Domain Validation skipping write tests
[    3.463670] scsi target2:0:1: Ending Domain Validation
[    3.470613] scsi target2:0:1: asynchronous
[    3.494712] sd 2:0:0:0: [sda] 20971520 512-byte logical blocks: (10.7 GB/10.0 GiB)
[    3.496045] sd 2:0:0:0: Attached scsi generic sg0 type 0
[    3.496967] sd 2:0:0:0: [sda] Write Protect is off
[    3.497800] sd 2:0:0:0: [sda] Incomplete mode parameter data
[    3.498675] sd 2:0:0:0: [sda] Assuming drive cache: write through
[    3.499755] sd 2:0:1:0: Attached scsi generic sg1 type 0
[    3.500001] sd 2:0:1:0: [sdb] 20480 512-byte logical blocks: (10.5 MB/10.0 MiB)
[    3.500111] sd 2:0:1:0: [sdb] Write Protect is off
[    3.500171] sd 2:0:1:0: [sdb] Incomplete mode parameter data
[    3.500172] sd 2:0:1:0: [sdb] Assuming drive cache: write through
[    3.501763] sd 2:0:1:0: [sdb] Attached SCSI disk
[    3.508386]  sda: sda1
[    3.508814] sd 2:0:0:0: [sda] Attached SCSI disk
Begin: Loading essential drivers ... [    4.800836] md: linear personality registered for level -1
[    4.803836] md: multipath personality registered for level -4
[    4.806826] md: raid0 personality registered for level 0
[    4.810098] md: raid1 personality registered for level 1
[    4.886089] raid6: sse2x1   gen() 11875 MB/s
[    4.954088] raid6: sse2x1   xor()  8745 MB/s
[    5.022184] raid6: sse2x2   gen() 14369 MB/s
[    5.090048] raid6: sse2x2   xor() 10075 MB/s
[    5.158042] raid6: sse2x4   gen() 15814 MB/s
[    5.226060] raid6: sse2x4   xor() 11527 MB/s
[    5.294044] raid6: avx2x1   gen() 23710 MB/s
[    5.362044] raid6: avx2x2   gen() 26620 MB/s
[    5.430054] raid6: avx2x4   gen() 28852 MB/s
[    5.430782] raid6: using algorithm avx2x4 gen() 28852 MB/s
[    5.431611] raid6: using avx2x2 recovery algorithm
[    5.433434] xor: automatically using best checksumming function:
[    5.578466]    avx       : 63234.000 MB/sec
[    5.579899] async_tx: api initialized (async)
[    5.585573] md: raid6 personality registered for level 6
[    5.737173] md: raid5 personality registered for level 5
[    5.737980] md: raid4 personality registered for level 4
[    5.742988] md: raid10 personality registered for level 10
done.
Begin: Running /scripts/init-premount ... done.
Begin: Mounting root file system ... Begin: Running /scripts/local-top ... done.
Begin: Running /scripts/local-premount ... [    5.769490] Btrfs loaded
Scanning for Btrfs filesystems
done.
Warning: fsck not present, so skipping root file system
[    5.800292] EXT4-fs (sda1): mounted filesystem with ordered data mode. Opts: (null)
done.
Begin: Running /scripts/local-bottom ... done.
Begin: Running /scripts/init-bottom ... done.
[    5.924958] systemd[1]: systemd 229 running in system mode. (+PAM +AUDIT +SELINUX +IMA +APPARMOR +SMACK +SYSVINIT +UTMP +LIBCRYPTSETUP +GCRYPT +GNUTLS +ACL +XZ -LZ4 +SECCOMP +BLKID +ELFUTILS +KMOD -IDN)
[    5.927350] systemd[1]: Detected virtualization oracle.
[    5.928068] systemd[1]: Detected architecture x86-64.

Welcome to [1mUbuntu 16.04.5 LTS[0m!

[    5.950551] systemd[1]: Set hostname to <ubuntu>.
[    5.955679] systemd[1]: Initializing machine ID from random generator.
[    5.956745] systemd[1]: Installed transient /etc/machine-id file.
[    6.069528] systemd[1]: Listening on LVM2 poll daemon socket.
[[0;32m  OK  [0m] Listening on LVM2 poll daemon socket.
[    6.071199] systemd[1]: Listening on Journal Audit Socket.
[[0;32m  OK  [0m] Listening on Journal Audit Socket.
[    6.072665] systemd[1]: Listening on /dev/initctl Compatibility Named Pipe.
[[0;32m  OK  [0m] Listening on /dev/initctl Compatibility Named Pipe.
[    6.074586] systemd[1]: Created slice User and Session Slice.
[[0;32m  OK  [0m] Created slice User and Session Slice.
[    6.076088] systemd[1]: Listening on udev Kernel Socket.
[[0;32m  OK  [0m] Listening on udev Kernel Socket.
[    6.077685] systemd[1]: Created slice System Slice.
[[0;32m  OK  [0m] Created slice System Slice.
[    6.079034] systemd[1]: Reached target Slices.
[[0;32m  OK  [0m] Reached target Slices.
[    6.080347] systemd[1]: Listening on udev Control Socket.
[[0;32m  OK  [0m] Listening on udev Control Socket.
[    6.081802] systemd[1]: Reached target System Time Synchronized.
[[0;32m  OK  [0m] Reached target System Time Synchronized.
[    6.083597] systemd[1]: Created slice system-serial\x2dgetty.slice.
[[0;32m  OK  [0m] Created slice system-serial\x2dgetty.slice.
[    6.085241] systemd[1]: Reached target User and Group Name Lookups.
[[0;32m  OK  [0m] Reached target User and Group Name Lookups.
[    6.086888] systemd[1]: Reached target Encrypted Volumes.
[[0;32m  OK  [0m] Reached target Encrypted Volumes.
[    6.088381] systemd[1]: Listening on Journal Socket.
[[0;32m  OK  [0m] Listening on Journal Socket.
[    6.102099] systemd[1]: Starting Nameserver information manager...
         Starting Nameserver information manager...
[    6.104301] systemd[1]: Mounting Huge Pages File System...
         Mounting Huge Pages File System...
[    6.107233] systemd[1]: Starting Uncomplicated firewall...
         Starting Uncomplicated firewall...
[    6.198222] systemd[1]: Starting Remount Root and Kernel File Systems...
[    6.201873] EXT4-fs (sda1): re-mounted. Opts: (null)
         Starting Remount Root and Kernel File Systems...
[    6.278540] systemd[1]: Mounting POSIX Message Queue File System...
         Mounting POSIX Message Queue File System...
[    6.281848] systemd[1]: Starting Load Kernel Modules...
[    6.306645] Loading iSCSI transport class v2.0-870.
         Starting Load Kernel Modules...
[    6.308481] systemd[1]: Mounting Debug File System...
         Mounting Debug File System...
[    6.316982] systemd[1]: Started Trigger resolvconf update for networkd DNS.
[[0;32m  OK  [0m] Started Trigger resolvconf update for networkd DNS.
[    6.319450] systemd[1]: Starting Create list of required static device nodes for the current kernel...
         Starting Create list of[    6.328736] iscsi: registered transport (tcp)
 required st... nodes for the current kernel...
[    6.335087] systemd[1]: Listening on Syslog Socket.
[[0;32m  OK  [0m] Listening on Syslog Socket.
[    6.343519] systemd[1]: Listening on Device-mapper event daemon FIFOs.
[[0;32m  OK  [0m] Listening on Device-mapper event daemon FIFOs.
[    6.345590] systemd[1]: Starting Set console keymap...
         Starting Set console keymap...
[    6.351286] systemd[1]: Started Forward Password Requests to Wall Directory Watch.
[[0;32m  OK  [0m] Started Forward Password Requests to Wall Directory Watch.
[    6.360180] systemd[1]: Listening on Journal Socket (/dev/log).
[[0;32m  OK  [0m] Listening on Journal Socket (/dev/log).
[    6.372103] systemd[1]: Starting Journal Service...
         Starting Journal Service...
[    6.383798] systemd[1]: Listening on LVM2 metadata daemon socket.
[[0;32m  OK  [0m] Listening on LVM2 metadata daemon socket.
[    6.385893] systemd[1]: Starting Monitoring of LVM2 mirrors, snapshots etc. using dmeventd or progress polling...
         Starting Monitoring of LVM2 mirrors... dmeventd or progress polling...
[    6.397374] systemd[1]: Set up automount Arbitrary Executable File Formats File System Automount Point.
[[0;32m  OK  [0m] Set up automount Arbitrary Executab...ats File System Automount Point.
[    6.402283] systemd[1]: Reached target Swap.
[[0;32m  OK  [0m] Reached target Swap.
[    6.409703] systemd[1]: Mounted POSIX Message Queue File System.
[[0;32m  OK  [0m] Mounted POSIX Message Queue File System.
[    6.411333] systemd[1]: Mounted Debug File System.
[[0;32m  OK  [[    6.416808] iscsi: registered transport (iser)
0m] Mounted Debug File System.
[    6.420257] systemd[1]: Mounted Huge Pages File System.
[[0;32m  OK  [0m] Mounted Huge Pages File System.
[    6.430641] systemd[1]: Started Journal Service.
[[0;32m  OK  [0m] Started Journal Service.
[[0;32m  OK  [0m] Started Uncomplicated firewall.
[[0;32m  OK  [0m] Started Remount Root and Kernel File Systems.
[[0;32m  OK  [0m] Started Load Kernel Modules.
[[0;32m  OK  [0m] Started Create list of required sta...ce nodes for the current kernel.
[[0;32m  OK  [0m] Started Set console keymap.
[[0;32m  OK  [0m] Started Nameserver information manager.
[[0;32m  OK  [0m] Started LVM2 metadata daemon.
         Starting Create Static Device Nodes in /dev...
         Starting Apply Kernel Variables...
         Mounting FUSE Control File System...
         Starting Load/Save Random Seed...
         Starting udev Coldplug all Devices...
         Starting Flush Journal to Persistent Storage...
[[0;32m  OK  [0m] Mounted FUSE Control File System.
[[0;32m  OK  [0m] Started Create Static Device Nodes in /dev.
[[0;32m  OK  [0m] Started Apply Kernel Variables.
[[0;32m  OK  [0m] Started Load/Save Random Seed.
[[0;32m  OK  [0m] Started udev Coldplug all Devices.
         Starting udev Kernel Device Manager...
[[0;32m  OK  [0m] Started Monitoring of LVM2 mirrors,...ng dmeventd or progress polling.
[[0;32m  OK  [0m] Started Flush Journal to Persistent Storage.
[[0;32m  OK  [0m] Started udev Kernel Device Manager.
[[0;32m  OK  [0m] Started Dispatch Password Requests to Console Directory Watch.
[[0;32m  OK  [0m] Reached target Local File Systems (Pre).
[[0;32m  OK  [0m] Reached target Local File Systems.
         Starting Tell Plymouth To Write Out Runtime Data...
         Starting Create Volatile Files and Directories...
         Starting Set console font and keymap...
         Starting LSB: AppArmor initialization...
         Starting Initial cloud-init job (pre-networking)...
         Starting Commit a transient machine-id on disk...
[[0;32m  OK  [0m] Started Tell Plymouth To Write Out Runtime Data.
[[0;32m  OK  [0m] Started Create Volatile Files and Directories.
[[0;32m  OK  [0m] Started Commit a transient machine-id on disk.
         Starting Update UTMP about System Boot/Shutdown...
[[0;32m  OK  [0m] Started Update UTMP about System Boot/Shutdown.
[[0;32m  OK  [0m] Found device /dev/ttyS0.
[[0;32m  OK  [0m] Listening on Load/Save RF Kill Switch Status /dev/rfkill Watch.
[[0;32m  OK  [0m] Started LSB: AppArmor initialization.
[    7.276779] cloud-init[481]: Cloud-init v. 18.3-9-g2e62cb8a-0ubuntu1~16.04.2 running 'init-local' at Fri, 26 Apr 2019 07:05:51 +0000. Up 6.96 seconds.
[[0;32m  OK  [0m] Started Initial cloud-init job (pre-networking).
[[0;32m  OK  [0m] Reached target Network (Pre).
         Starting Raise network interfaces...
[[0;32m  OK  [0m] Started Set console font and keymap.
[[0;32m  OK  [0m] Created slice system-getty.slice.
[[0;32m  OK  [0m] Started Raise network interfaces.
[[0;32m  OK  [0m] Reached target Network.
         Starting Initial cloud-init job (metadata service crawler)...
[    8.635954] cloud-init[937]: Cloud-init v. 18.3-9-g2e62cb8a-0ubuntu1~16.04.2 running 'init' at Fri, 26 Apr 2019 07:05:52 +0000. Up 8.01 seconds.
[    8.637648] cloud-init[937]: ci-info: ++++++++++++++++++++++++++++++++++++++Net device info+++++++++++++++++++++++++++++++++++++++
[    8.640581] cloud-init[937]: ci-info: +--------+-------+----------------------------+---------------+--------+-------------------+
[    8.641796] cloud-init[937]: ci-info: | Device |   Up  |          Address           |      Mask     | Scope  |     Hw-Address    |
[    8.643000] cloud-init[937]: ci-info: +--------+-------+----------------------------+---------------+--------+-------------------+
[    8.644253] cloud-init[937]: ci-info: | enp0s3 |  True |         10.0.2.15          | 255.255.255.0 | global | 02:93:23:4d:82:b3 |
[    8.645509] cloud-init[937]: ci-info: | enp0s3 |  True | fe80::93:23ff:fe4d:82b3/64 |       .       |  link  | 02:93:23:4d:82:b3 |
[    8.657929] cloud-init[937]: ci-info: | enp0s8 | False |             .              |       .       |   .    | 08:00:27:24:d2:f1 |
[    8.659366] cloud-init[937]: ci-info: |   lo   |  True |         127.0.0.1          |   255.0.0.0   |  host  |         .         |
[    8.660752] cloud-init[937]: ci-info: |   lo   |  True |          ::1/128           |       .       |  host  |         .         |
[    8.662142] cloud-init[937]: ci-info: +--------+-------+----------------------------+---------------+--------+-------------------+
[    8.663520] cloud-init[937]: ci-info: +++++++++++++++++++++++++++Route IPv4 info++++++++++++++++++++++++++++
[    8.664748] cloud-init[937]: ci-info: +-------+-------------+----------+---------------+-----------+-------+
[    8.676171] cloud-init[937]: ci-info: | Route | Destination | Gateway  |    Genmask    | Interface | Flags |
[    8.677496] cloud-init[937]: ci-info: +-------+-------------+----------+---------------+-----------+-------+
[    8.678704] cloud-init[937]: ci-info: |   0   |   0.0.0.0   | 10.0.2.2 |    0.0.0.0    |   enp0s3  |   UG  |
[    8.680679] [[0;32m  OK  [0m] Started Initial cloud-init job (metadata service crawler).
cloud-init[937]: ci-info: |   1   |   10.0.2.0  | 0.0.0.0  | 255.255.255.0 |   enp0s3  |   U   |[[0;32m  OK  [0m] Reached target Network is Online.

[    8.683131] cloud-init[937]: ci-info: +-------+-------------+----------+---------------+-----------+-------+
[    8.684548] cloud-init[937]: ci-info: +++++++++++++++++++Route IPv6 info+++++++++++++++++++
[    8.685804] cloud-init[937]: ci-info: +-------+-------------+---------+-----------+-------+
[    8.687040] cloud-init[937]: ci-info: | Route | Destination | Gateway | Interface | Flags |
[    8.688285] cloud-init[937]: ci-info: +-------+-------------+---------+-----------+-------+
[    8.689519] cloud-init[937]: ci-info: |   0   |  fe80::/64  |    ::   |   enp0s3  |   U   |
[    8.690791] cloud-init[937]: ci-info: |   3   |   ff00::/8  |    ::   |   enp0s3  |   U   |
[    8.692026] cloud-init[937]: ci-info: +-------+-------------+---------+-----------+-------+
[    8.693279] cloud-init[937]: Generating public/private rsa key pair.
[    8.694348] cloud-init[937]: Your identification has been saved in /etc/ssh/ssh_host_rsa_key.
[    8.695592] cloud-init[937]: Your public key has been saved in /etc/ssh/ssh_host_rsa_key.pub.         Starting iSCSI initiator daemon (iscsid)...
[[0;32m  OK  [0m] Reached target Cloud-config availability.
[[0;32m  OK  [0m] Reached target System Initialization.

[    8.705639] [[0;32m  OK  [0m] Started ACPI Events Check.
[[0;32m  OK  [0m] Reached target Paths.
cloud-init[937]: The key fingerprint is:
[    8.710495]          Starting LXD - unix socket.
[[0;32m  OK  [0m] Listening on UUID daemon activation socket.
         Starting Socket activation for snappy daemon.
[[0;32m  OK  [0m] Started Daily apt download activities.
[[0;32m  OK  [0m] Started Daily Cleanup of Temporary Directories.
[[0;32m  OK  [0m] Started Daily apt upgrade and clean activities.
[[0;32m  OK  [0m] Reached target Timers.
[[0;32m  OK  [0m] Listening on D-Bus System Message Bus Socket.
[[0;32m  OK  [0m] Listening on ACPID Listen Socket.
[[0;32m  OK  [0m] Listening on LXD - unix socket.
cloud-init[937]: SHA256:UKHCzAvuq1ZtlnOHquALHNRmDd/8SHJWxFbXwIRTq0c root@ubuntu-xenial
[    8.717266] cloud-init[937]: The key's randomart image is:[[0;32m  OK  [0m] Listening on Socket activation for snappy daemon.
[[0;32m  OK  [0m] Reached target Sockets.
[[0;32m  OK  [0m] Reached target Basic System.

[    8.747929]          Starting Accounts Service...
cloud-init[937]: +---[RSA 2048]----+
[    8.749217] cloud-init[937]: |   .    =+..==o  |
[    8.750221] cloud-init[937]: |  .++ oo.o o.... |
[    8.751211] cloud-init[937]: | ..+=+o*.   .E   |
[    8.761239] [[0;32m  OK  [0m] Started ACPI event daemon.
cloud-init[937]: |..o. o=.o   o    |
[[0;32m  OK  [0m] Started Regular background program processing daemon.
[    8.763267] cloud-init[937]: | .. o ..S. . .   |
         Starting Login Service...
[    8.764372]          Starting /etc/rc.local Compatibility...
         Starting LSB: Record successful boot for GRUB...
cloud-init[937]: [[0;32m  OK  [0m] Started FUSE filesystem for LXC.
[[0;32m  OK  [0m] Started Deferred execution scheduler.
         Starting Pollinate to seed the pseudo random number generator...
         Starting LSB: MD monitoring daemon...
         Starting LXD - container startup/shutdown...
         Starting Virtualbox guest utils...
[[0;32m  OK  [0m] Started D-Bus System Message Bus.
|.... * o .  .    |
[    8.800312] cloud-init[937]: |.oo o + .        |
[    8.803670] cloud-init[937]: |o... .           |
[    8.806175] cloud-init[937]: |o+o..            |
[    8.808924] cloud-init[937]: +----[SHA256]-----+
[[0;32m  OK  [0m] Started Unattended Upgrades Shutdown.
[    8.819526] cloud-init[937]: Generating public/private dsa key pair.
[    8.826834] cloud-init[937]: Your identification has been saved in /etc/ssh/ssh_host_dsa_key.
[    8.851310]          Starting System Logging Service...
cloud-init[937]: Your public key has been saved in /etc/ssh/ssh_host_dsa_key.pub.
[    8.853543]          Starting Snappy daemon...
cloud-init[937]: The key fingerprint is:
[    8.854847] cloud-init[937]: SHA256:06Zpuaf0rVs7MNeBrF6hoBiUyM/gONZzVBkcSO5zfFc root@ubuntu-xenial
[    8.892434] [[0;32m  OK  [0m] Started iSCSI initiator daemon (iscsid).
cloud-init[[0;32m  OK  [0m] Started /etc/rc.local Compatibility.
[[0;32m  OK  [0m] Started System Logging Service.
[937]: The key's randomart image is:
[    8.895679] cloud-init[937]: +---[DSA 1024]----+
[[0;32m  OK  [0m] Started Login Service.
[    8.937478] cloud-init[937]: | . ..o+++        |
[    8.950045] [[0;32m  OK  [0m] Started LSB: Record successful boot for GRUB.
[[0;32m  OK  [0m] Started LSB: MD monitoring daemon.
cloud-init[937]: |  + +o o         |
[    8.952541] cloud-init[937]: | o.=..     . E   |
[    8.992220]          Starting Authenticate and Authorize Users to Run Privileged Tasks...
cloud-init[937]: |o..o=.. ..  = .  |
[    9.005720]          Starting Login to default iSCSI targets...
cloud-init[937]: |..  o= +Soo+ o . |
[    9.007235] [[0;32m  OK  [0m] Started LXD - container startup/shutdown.
[[0;32m  OK  [0m] Started Virtualbox guest utils.
[[0;32m  OK  [0m] Started Authenticate and Authorize Users to Run Privileged Tasks.
[[0;32m  OK  [0m] Started Accounts Service.
cloud-init[937]: |    . + .** o .  |
[    9.010451] cloud-init[937]: |        *. =.    |
[    9.011493] cloud-init[937]: |       o ooo..   |
[    9.012596] cloud-init[937]: |        oo+oo.   |
[    9.022376] cloud-init[937]: +----[SHA256]-----+
[    9.023480] cloud-init[937]: Generating public/private ecdsa key pair.
[    9.025182] cloud-init[937]: Your identification has been saved in /etc/ssh/ssh_host_ecdsa_key.
[    9.030082] [[0;32m  OK  [0m] Started Login to default iSCSI targets.
cloud-init[937]: Your public key has been saved in /etc/ssh/ssh_host_ecdsa_key.pub.
[    9.036000] [[0;32m  OK  [0m] Reached target Remote File Systems (Pre).
[[0;32m  OK  [0m] Reached target Remote File Systems.
         Starting LSB: automatic crash report generation...
         Starting LSB: Set the CPU Frequency Scaling governor to "ondemand"...
         Starting Permit User Sessions...
         Starting LSB: daemon to balance interrupts for SMP systems...
cloud-init[937]: The key fingerprint is:
[    9.053803] cloud-init[937]: SHA256:a0VNPrFZqdC2MAgtHll5DtPWj9KH8g0EVOHIF/gwZTs root@ubuntu-xenial
[    9.062688] [cloud-init[0;32m  OK  [0m[937]: ] The key's randomart image is:Started Permit User Sessions.

[    9.063079] cloud-init[937]: +---[ECDSA 256]---+
[    9.067359] cloud-init[937]: |      .=.=oBO... |
[    9.071085] cloud-init[937]: |      + *.@B=B.  |
[    9.075087] cloud-init[937]: |     . o *+@E*   |
[    9.076201] cloud-init[937]: |      .  .+.Ooo  |
[    9.076949] cloud-init[937]: |        S .+ +   |
[    9.077662] cloud-init[937]: |         o  . .  |
[    9.078416] cloud-init[937]: |        o        |
[    9.079161] cloud-init[937]: |       .         |
[    9.080172] cloud-init[937]: |                 |
[    9.080855] cloud-init[937]: +----[SHA256]-----+
[    9.081513] cloud-init[937]: Generating public/private ed25519 key pair.
[    9.082316] cloud-init[937]: Your identification has been saved in /etc/ssh/ssh_host_ed25519_key.
[    9.083265] cloud-init[937]: Your public key has been saved in /etc/ssh/ssh_host_ed25519_key.pub.
         Starting Terminate Plymouth Boot Screen...
         Starting Hold until boot process finishes up...
[    9.089182] cloud-init[937]: The key fingerprint is:
[    9.093176] cloud-init[937]: SHA256:AUlWz65Lt/YlG4qExjwPu8pjpTUc4AgxovtkOfyMlZk root@ubuntu-xenial
[    9.096197] [[0;32m  OK  [0m] Started LSB: Set the CPU Frequency Scaling governor to "ondemand".
cloud-init[937]: [[0;32m  OK  [0m] Started Terminate Plymouth Boot Screen.
The key's randomart image is:
[[0;32m  OK  [0m] Started Hold until boot process finishes up.
[    9.098695] cloud-init[937]: +--[ED25519 256]--+
[    9.101567] cloud-init[937]: |+.   .+o.        |
[    9.103390] cloud-init[937]: |+.  .... o       |
[[0;32m  OK  [0m] Started Getty on tty1.
[    9.118272] cloud-init[937]: |.. o .  . o      |
[    9.120152] [[0;32m  OK  [0m] Started Serial Getty on ttyS0.
[[0;32m  OK  [0m] Reached target Login Prompts.
cloud-init[937]: | o...+.  o       |
[    9.122824]          cloud-initStarting Set console scheme...[937]: 
|. * E. .S .      |
[    9.129029] [[0;32m  OK  [0m] Started LSB: automatic crash report generation.
[[0;32m  OK  [0m] Started LSB: daemon to balance interrupts for SMP systems.
cloud-init[937]: | + * o=. .       |
[[0;32m  OK  [0m] Started Set console scheme.
[    9.131382] cloud-init[937]: |  o o+B.+ . o .  |
[    9.132544] cloud-init[937]: |   .+. B +.o =   |
[    9.133774] cloud-init[937]: |   .ooo.+.o.o    |
[    9.136808] cloud-init[937]: +----[SHA256]-----+
[[0;32m  OK  [0m] Started Snappy daemon.
         Starting Wait until snapd is fully seeded...
[[0;32m  OK  [0m] Started Pollinate to seed the pseudo random number generator.
         Starting OpenBSD Secure Shell server...
[[0;32m  OK  [0m] Started OpenBSD Secure Shell server.
[[0;32m  OK  [0m] Started Wait until snapd is fully seeded.
[[0;32m  OK  [0m] Reached target Multi-User System.
[[0;32m  OK  [0m] Reached target Graphical Interface.
         Starting Update UTMP about System Runlevel Changes...
         Starting Apply the settings specified in cloud-config...
[[0;32m  OK  [0m] Started Update UTMP about System Runlevel Changes.
[   11.110423] cloud-init[1262]: Generating locales (this might take a while)...
[   11.646390] cloud-init[1262]:   en_US.UTF-8... done
[   11.663642] cloud-init[1262]: Generation complete.
[   11.892672] cloud-init[1262]: Cloud-init v. 18.3-9-g2e62cb8a-0ubuntu1~16.04.2 running 'modules:config' at Fri, 26 Apr 2019 07:05:55 +0000. Up 11.01 seconds.
[[0;32m  OK  [0m] Started Apply the settings specified in cloud-config.
         Starting Execute cloud user/final scripts...
[[0;32m  OK  [0m] Created slice User Slice of vagrant.
         Starting User Manager for UID 1000...
[[0;32m  OK  [0m] Started Session 1 of user vagrant.
[[0;32m  OK  [0m] Started User Manager for UID 1000.
ci-info: no authorized ssh keys fingerprints found for user ubuntu.
<14>Apr 26 07:05:57 ec2: 
<14>Apr 26 07:05:57 ec2: #############################################################
<14>Apr 26 07:05:57 ec2: -----BEGIN SSH HOST KEY FINGERPRINTS-----
<14>Apr 26 07:05:57 ec2: 1024 SHA256:06Zpuaf0rVs7MNeBrF6hoBiUyM/gONZzVBkcSO5zfFc root@ubuntu-xenial (DSA)
<14>Apr 26 07:05:57 ec2: 256 SHA256:a0VNPrFZqdC2MAgtHll5DtPWj9KH8g0EVOHIF/gwZTs root@ubuntu-xenial (ECDSA)
<14>Apr 26 07:05:57 ec2: 256 SHA256:AUlWz65Lt/YlG4qExjwPu8pjpTUc4AgxovtkOfyMlZk root@ubuntu-xenial (ED25519)
<14>Apr 26 07:05:57 ec2: 2048 SHA256:UKHCzAvuq1ZtlnOHquALHNRmDd/8SHJWxFbXwIRTq0c root@ubuntu-xenial (RSA)
<14>Apr 26 07:05:57 ec2: -----END SSH HOST KEY FINGERPRINTS-----
<14>Apr 26 07:05:57 ec2: #############################################################
-----BEGIN SSH HOST KEY KEYS-----
ecdsa-sha2-nistp256 AAAAE2VjZHNhLXNoYTItbmlzdHAyNTYAAAAIbmlzdHAyNTYAAABBBECeHfLVDJI7qt2OYDLjBmFavhTUaCL6FvUJWd0Y58D4CXxGiFb2zcVhzQnOqqFhplMXeJdEi37xuAQ1s6TtxgI= root@ubuntu-xenial
ssh-ed25519 AAAAC3NzaC1lZDI1NTE5AAAAIEXujFp9muc6omxZDWqeLQJsYJo5PlGP+LkcJ/Ts/Ry1 root@ubuntu-xenial
ssh-rsa AAAAB3NzaC1yc2EAAAADAQABAAABAQDqVXsoigX/UDrAFA48REgwMnNS+cOc479G+CPIs4rUZhv+rfYPrDYATnY4Ony8t1ue9R3xQcY7r5MQTPoXa+r0CKUrpNXW1bEVbpsk10q1hU1+c5vRmlTmMr8lOvBfou9NTe7Ac95mLlqbPLQCSLlhhoEmfVRGpbglbGearnK0/v0+/RuiR26HLs09dQtORX47lLljD+wLDFgJLLiGh9VQ4CRUqYeHDcQjC89GdOcPrIHlwOKTkCZTHB+2zAgEkdgVju8Xn1iM0k3t8U65uyyikX69LG7dqyR6r1qcdF7x56A3K+0L5j2JIuYP3PaKxaZMwAfZ1hL/e1uZplOsWQg7 root@ubuntu-xenial
-----END SSH HOST KEY KEYS-----
[   12.315137] cloud-init[1304]: Cloud-init v. 18.3-9-g2e62cb8a-0ubuntu1~16.04.2 running 'modules:final' at Fri, 26 Apr 2019 07:05:57 +0000. Up 12.14 seconds.
[   12.328205] cloud-init[1304]: ci-info: no authorized ssh keys fingerprints found for user ubuntu.
[   12.329534] cloud-init[1304]: Cloud-init v. 18.3-9-g2e62cb8a-0ubuntu1~16.04.2 finished at Fri, 26 Apr 2019 07:05:57 +0000. Datasource DataSourceNoCloud [seed=/dev/sdb][dsmode=net].  Up 12.30 seconds
[[0;32m  OK  [0m] Started Execute cloud user/final scripts.
[[0;32m  OK  [0m] Reached target Cloud-init target.

Ubuntu 16.04.5 LTS ubuntu-xenial ttyS0

ubuntu-xenial login: 